<?xml version="1.0" encoding="UTF-8"?>
<!-- Generated by org.testng.reporters.JUnitXMLReporter -->
<testsuite ignored="0" hostname="DESKTOP-1GI3NUO" failures="0" tests="4" name="Default test" time="47.812" errors="0" timestamp="2025-05-21T16:50:50 IST">
  <testcase classname="com.Test.AmazonDropDownTest" name="testCurrentUrl" time="6.583"/>
  <testcase classname="com.Test.AmazonDropDownTest" name="testSearchDropdown" time="8.225"/>
  <testcase classname="com.Test.AmazonDropDownTest" name="testSearchDropdown" time="8.407"/>
  <testcase classname="com.Test.AmazonDropDownTest" name="testSearchDropdown" time="8.452"/>
</testsuite> <!-- Default test -->
