<?xml version="1.0" encoding="UTF-8"?>
<!-- Generated by org.testng.reporters.JUnitXMLReporter -->
<testsuite ignored="0" hostname="DESKTOP-1GI3NUO" failures="0" tests="6" name="Test" time="110.399" errors="0" timestamp="2025-05-21T17:03:39 IST">
  <testcase classname="com.Test.AmazonAddToCartTest" name="testCurrentUrl" time="7.155"/>
  <testcase classname="com.Test.AmazonAddToCartTest" name="testProductExistsInCart" time="35.299"/>
  <testcase classname="com.Test.AmazonDropDownTest" name="testCurrentUrl" time="5.891"/>
  <testcase classname="com.Test.AmazonDropDownTest" name="testSearchDropdown" time="10.418"/>
  <testcase classname="com.Test.AmazonDropDownTest" name="testSearchDropdown" time="17.931"/>
  <testcase classname="com.Test.AmazonDropDownTest" name="testSearchDropdown" time="10.946"/>
</testsuite> <!-- Test -->
