<?xml version="1.0" encoding="UTF-8"?>
<!-- Generated by org.testng.reporters.JUnitXMLReporter -->
<testsuite ignored="0" hostname="DESKTOP-1GI3NUO" failures="0" tests="6" name="ChromeTests" time="101.453" errors="0" timestamp="2025-05-21T16:49:13 IST">
  <testcase classname="com.Test.AmazonAddToCartTest" name="testCurrentUrl" time="6.47"/>
  <testcase classname="com.Test.AmazonAddToCartTest" name="testProductExistsInCart" time="42.213"/>
  <testcase classname="com.Test.AmazonDropDownTest" name="testCurrentUrl" time="12.0"/>
  <testcase classname="com.Test.AmazonDropDownTest" name="testSearchDropdown" time="7.649"/>
  <testcase classname="com.Test.AmazonDropDownTest" name="testSearchDropdown" time="7.426"/>
  <testcase classname="com.Test.AmazonDropDownTest" name="testSearchDropdown" time="7.28"/>
</testsuite> <!-- ChromeTests -->
