<?xml version="1.0" encoding="UTF-8"?>
<!-- Generated by org.testng.reporters.JUnitXMLReporter -->
<testsuite ignored="0" hostname="DESKTOP-1GI3NUO" failures="0" tests="6" name="Edgefirefox" time="16.139" errors="0" timestamp="2025-05-21T16:31:41 IST">
  <testcase classname="com.Test.AmazonAddToCartTest" name="testCurrentUrl" time="0.0">
    <skipped/>
  </testcase> <!-- testCurrentUrl -->
  <testcase classname="com.Test.AmazonAddToCartTest" name="testProductExistsInCart" time="0.0">
    <skipped/>
  </testcase> <!-- testProductExistsInCart -->
  <testcase classname="com.Test.AmazonDropDownTest" name="testCurrentUrl" time="0.0">
    <skipped/>
  </testcase> <!-- testCurrentUrl -->
  <testcase classname="com.Test.AmazonDropDownTest" name="testSearchDropdown" time="0.0">
    <skipped/>
  </testcase> <!-- testSearchDropdown -->
  <testcase classname="com.Test.AmazonDropDownTest" name="testSearchDropdown" time="0.0">
    <skipped/>
  </testcase> <!-- testSearchDropdown -->
  <testcase classname="com.Test.AmazonDropDownTest" name="testSearchDropdown" time="0.0">
    <skipped/>
  </testcase> <!-- testSearchDropdown -->
</testsuite> <!-- Edgefirefox -->
